[debug] [2017-09-14T10:06:32.668Z] ----------------------------------------------------------------------
[debug] [2017-09-14T10:06:32.670Z] Command:       /Users/aod/.nvm/versions/node/v7.6.0/bin/node /Users/aod/.nvm/versions/node/v7.6.0/bin/firebase deploy
[debug] [2017-09-14T10:06:32.671Z] CLI Version:   3.10.1
[debug] [2017-09-14T10:06:32.671Z] Platform:      darwin
[debug] [2017-09-14T10:06:32.671Z] Node Version:  v7.6.0
[debug] [2017-09-14T10:06:32.671Z] Time:          Thu Sep 14 2017 17:06:32 GMT+0700 (+07)
[debug] [2017-09-14T10:06:32.671Z] ----------------------------------------------------------------------
[debug] 
[debug] [2017-09-14T10:06:32.688Z] > command requires scopes: ["email","openid","https://www.googleapis.com/auth/cloudplatformprojects.readonly","https://www.googleapis.com/auth/firebase","https://www.googleapis.com/auth/cloud-platform"]
[debug] [2017-09-14T10:06:32.688Z] > authorizing via signed-in user
[debug] [2017-09-14T10:06:32.691Z] >>> HTTP REQUEST GET https://admin.firebase.com/v1/projects/aod-studio  
 Thu Sep 14 2017 17:06:32 GMT+0700 (+07)
[debug] [2017-09-14T10:06:33.879Z] <<< HTTP RESPONSE 200
[debug] [2017-09-14T10:06:33.880Z] >>> HTTP REQUEST GET https://admin.firebase.com/v1/database/aod-studio/tokens  
 Thu Sep 14 2017 17:06:33 GMT+0700 (+07)
[debug] [2017-09-14T10:06:34.864Z] <<< HTTP RESPONSE 200
[info] 
[info] === Deploying to 'aod-studio'...
[info] 
[info] i  deploying database, functions, hosting
[info] ✔  database: rules ready to deploy.
[debug] [2017-09-14T10:06:36.980Z] > [functions] package.json contents: {
  "name": "functions",
  "description": "Cloud Functions for Firebase",
  "dependencies": {
    "firebase-admin": "~5.2.1",
    "firebase-functions": "^0.6.2"
  },
  "private": true
}
[info] i  functions: ensuring necessary APIs are enabled...
[info] i  runtimeconfig: ensuring necessary APIs are enabled...
[debug] [2017-09-14T10:06:36.981Z] >>> HTTP REQUEST GET https://servicemanagement.googleapis.com/v1/services/cloudfunctions.googleapis.com/projectSettings/aod-studio?view=CONSUMER_VIEW  
 Thu Sep 14 2017 17:06:36 GMT+0700 (+07)
[debug] [2017-09-14T10:06:36.982Z] >>> HTTP REQUEST GET https://servicemanagement.googleapis.com/v1/services/runtimeconfig.googleapis.com/projectSettings/aod-studio?view=CONSUMER_VIEW  
 Thu Sep 14 2017 17:06:36 GMT+0700 (+07)
[debug] [2017-09-14T10:06:38.604Z] <<< HTTP RESPONSE 200
[info] ✔  runtimeconfig: all necessary APIs are enabled
[debug] [2017-09-14T10:06:38.635Z] <<< HTTP RESPONSE 200
[info] ✔  functions: all necessary APIs are enabled
[debug] [2017-09-14T10:06:38.636Z] >>> HTTP REQUEST GET https://appengine.googleapis.com/v1/apps/aod-studio  
 Thu Sep 14 2017 17:06:38 GMT+0700 (+07)
[debug] [2017-09-14T10:06:38.637Z] >>> HTTP REQUEST GET https://apikeys.googleapis.com/v1/projects/aod-studio/apiKeys  
 Thu Sep 14 2017 17:06:38 GMT+0700 (+07)
[debug] [2017-09-14T10:06:40.068Z] <<< HTTP RESPONSE 200
[debug] [2017-09-14T10:06:40.118Z] <<< HTTP RESPONSE 200
[info] i  functions: preparing functions directory for uploading...
[debug] [2017-09-14T10:06:42.249Z] >>> HTTP REQUEST GET https://runtimeconfig.googleapis.com/v1beta1/projects/aod-studio/configs  
 Thu Sep 14 2017 17:06:42 GMT+0700 (+07)
[debug] [2017-09-14T10:06:42.731Z] <<< HTTP RESPONSE 200
